# JRE version: OpenJDK Runtime Environment (16.0.2+7) (build 16.0.2+7-67)
# Java VM: OpenJDK 64-Bit Server VM (16.0.2+7-67, mixed mode, sharing, tiered, compressed oops, compressed class ptrs, g1 gc, windows-amd64)
GC Precious Log:
 CPUs: 4 total, 4 available
 Memory: 8069M
 Large Page Support: Disabled
 NUMA Support: Disabled
 Compressed Oops: Enabled (32-bit)
 Heap Region Size: 1M
 Heap Min Capacity: 8M
 Heap Initial Capacity: 128M
 Heap Max Capacity: 2018M
 Pre-touch: Disabled
 Parallel Workers: 4
 Concurrent Workers: 1
 Concurrent Refinement Workers: 4
 Periodic GC: Disabled
Heap:
 garbage-first heap   total 65536K, used 40991K [0x0000000081e00000, 0x0000000100000000)
  region size 1024K, 23 young (23552K), 5 survivors (5120K)
 Metaspace       used 54794K, committed 55168K, reserved 1097728K
  class space    used 7172K, committed 7360K, reserved 1048576K
GC Heap History (20 events):
Event: 4.721 GC heap before
{Heap before GC invocations=3 (full 0):
 garbage-first heap   total 131072K, used 82397K [0x0000000081e00000, 0x0000000100000000)
  region size 1024K, 76 young (77824K), 3 survivors (3072K)
 Metaspace       used 17989K, committed 18240K, reserved 1073152K
  class space    used 2148K, committed 2240K, reserved 1048576K
}
Event: 4.731 GC heap after
{Heap after GC invocations=4 (full 0):
 garbage-first heap   total 131072K, used 10779K [0x0000000081e00000, 0x0000000100000000)
  region size 1024K, 5 young (5120K), 5 survivors (5120K)
 Metaspace       used 17989K, committed 18240K, reserved 1073152K
  class space    used 2148K, committed 2240K, reserved 1048576K
}
Event: 5.788 GC heap before
{Heap before GC invocations=4 (full 0):
 garbage-first heap   total 131072K, used 29211K [0x0000000081e00000, 0x0000000100000000)
  region size 1024K, 24 young (24576K), 5 survivors (5120K)
 Metaspace       used 20986K, committed 21248K, reserved 1073152K
  class space    used 2561K, committed 2688K, reserved 1048576K
}
Event: 5.798 GC heap after
{Heap after GC invocations=5 (full 0):
 garbage-first heap   total 131072K, used 12288K [0x0000000081e00000, 0x0000000100000000)
  region size 1024K, 6 young (6144K), 6 survivors (6144K)
 Metaspace       used 20986K, committed 21248K, reserved 1073152K
  class space    used 2561K, committed 2688K, reserved 1048576K
}
Event: 6.946 GC heap before
{Heap before GC invocations=6 (full 0):
 garbage-first heap   total 45056K, used 32768K [0x0000000081e00000, 0x0000000100000000)
  region size 1024K, 26 young (26624K), 6 survivors (6144K)
 Metaspace       used 25445K, committed 25792K, reserved 1073152K
  class space    used 3138K, committed 3328K, reserved 1048576K
}
Event: 6.968 GC heap after
{Heap after GC invocations=7 (full 0):
 garbage-first heap   total 45056K, used 14515K [0x0000000081e00000, 0x0000000100000000)
  region size 1024K, 4 young (4096K), 4 survivors (4096K)
 Metaspace       used 25445K, committed 25792K, reserved 1073152K
  class space    used 3138K, committed 3328K, reserved 1048576K
}
Event: 6.989 GC heap before
{Heap before GC invocations=7 (full 0):
 garbage-first heap   total 45056K, used 30899K [0x0000000081e00000, 0x0000000100000000)
  region size 1024K, 21 young (21504K), 4 survivors (4096K)
 Metaspace       used 25512K, committed 25856K, reserved 1073152K
  class space    used 3144K, committed 3328K, reserved 1048576K
}
Event: 6.998 GC heap after
{Heap after GC invocations=8 (full 0):
 garbage-first heap   total 45056K, used 15145K [0x0000000081e00000, 0x0000000100000000)
  region size 1024K, 1 young (1024K), 1 survivors (1024K)
 Metaspace       used 25512K, committed 25856K, reserved 1073152K
  class space    used 3144K, committed 3328K, reserved 1048576K
}
Event: 7.004 GC heap before
{Heap before GC invocations=8 (full 0):
 garbage-first heap   total 45056K, used 32553K [0x0000000081e00000, 0x0000000100000000)
  region size 1024K, 19 young (19456K), 1 survivors (1024K)
 Metaspace       used 25512K, committed 25856K, reserved 1073152K
  class space    used 3144K, committed 3328K, reserved 1048576K
}
Event: 7.005 GC heap after
{Heap after GC invocations=9 (full 0):
 garbage-first heap   total 45056K, used 14629K [0x0000000081e00000, 0x0000000100000000)
  region size 1024K, 1 young (1024K), 1 survivors (1024K)
 Metaspace       used 25512K, committed 25856K, reserved 1073152K
  class space    used 3144K, committed 3328K, reserved 1048576K
}
Event: 7.607 GC heap before
{Heap before GC invocations=9 (full 0):
 garbage-first heap   total 45056K, used 33061K [0x0000000081e00000, 0x0000000100000000)
  region size 1024K, 20 young (20480K), 1 survivors (1024K)
 Metaspace       used 27637K, committed 27904K, reserved 1073152K
  class space    used 3455K, committed 3584K, reserved 1048576K
}
Event: 7.612 GC heap after
{Heap after GC invocations=10 (full 0):
 garbage-first heap   total 90112K, used 15173K [0x0000000081e00000, 0x0000000100000000)
  region size 1024K, 1 young (1024K), 1 survivors (1024K)
 Metaspace       used 27637K, committed 27904K, reserved 1073152K
  class space    used 3455K, committed 3584K, reserved 1048576K
}
Event: 8.562 GC heap before
{Heap before GC invocations=10 (full 0):
 garbage-first heap   total 90112K, used 41797K [0x0000000081e00000, 0x0000000100000000)
  region size 1024K, 28 young (28672K), 1 survivors (1024K)
 Metaspace       used 35215K, committed 35520K, reserved 1081344K
  class space    used 4552K, committed 4672K, reserved 1048576K
}
Event: 8.568 GC heap after
{Heap after GC invocations=11 (full 0):
 garbage-first heap   total 90112K, used 17755K [0x0000000081e00000, 0x0000000100000000)
  region size 1024K, 4 young (4096K), 4 survivors (4096K)
 Metaspace       used 35215K, committed 35520K, reserved 1081344K
  class space    used 4552K, committed 4672K, reserved 1048576K
}
Event: 10.166 GC heap before
{Heap before GC invocations=12 (full 0):
 garbage-first heap   total 65536K, used 52571K [0x0000000081e00000, 0x0000000100000000)
  region size 1024K, 38 young (38912K), 4 survivors (4096K)
 Metaspace       used 43439K, committed 43776K, reserved 1089536K
  class space    used 5755K, committed 5888K, reserved 1048576K
}
Event: 10.173 GC heap after
{Heap after GC invocations=13 (full 0):
 garbage-first heap   total 65536K, used 20035K [0x0000000081e00000, 0x0000000100000000)
  region size 1024K, 5 young (5120K), 5 survivors (5120K)
 Metaspace       used 43439K, committed 43776K, reserved 1089536K
  class space    used 5755K, committed 5888K, reserved 1048576K
}
Event: 10.953 GC heap before
{Heap before GC invocations=13 (full 0):
 garbage-first heap   total 65536K, used 50755K [0x0000000081e00000, 0x0000000100000000)
  region size 1024K, 35 young (35840K), 5 survivors (5120K)
 Metaspace       used 47113K, committed 47552K, reserved 1097728K
  class space    used 6241K, committed 6464K, reserved 1048576K
}
Event: 10.963 GC heap after
{Heap after GC invocations=14 (full 0):
 garbage-first heap   total 65536K, used 21950K [0x0000000081e00000, 0x0000000100000000)
  region size 1024K, 5 young (5120K), 5 survivors (5120K)
 Metaspace       used 47113K, committed 47552K, reserved 1097728K
  class space    used 6241K, committed 6464K, reserved 1048576K
}
Event: 11.941 GC heap before
{Heap before GC invocations=14 (full 0):
 garbage-first heap   total 65536K, used 50622K [0x0000000081e00000, 0x0000000100000000)
  region size 1024K, 33 young (33792K), 5 survivors (5120K)
 Metaspace       used 49807K, committed 50176K, reserved 1097728K
  class space    used 6601K, committed 6784K, reserved 1048576K
}
Event: 11.952 GC heap after
{Heap after GC invocations=15 (full 0):
 garbage-first heap   total 65536K, used 24607K [0x0000000081e00000, 0x0000000100000000)
  region size 1024K, 5 young (5120K), 5 survivors (5120K)
 Metaspace       used 49807K, committed 50176K, reserved 1097728K
  class space    used 6601K, committed 6784K, reserved 1048576K
}

